<?xml version="1.0" encoding="UTF-8"?>
<!-- Generated by org.testng.reporters.JUnitXMLReporter -->
<testsuite ignored="6" hostname="DESKTOP-N63KF6M" failures="0" tests="1" name="Default test" time="30.496" errors="0" timestamp="2023-06-01T12:35:56 GST">
  <testcase classname="Page_Test_Orange.Login_pageTest" name="ValidatePerform_MyTrackers" time="19.737"/>
  <testcase classname="Page_Test_Orange.Login_pageTest" name="ValidatePerform_Configure" time="0.0">
    <ignored/>
  </testcase> <!-- ValidatePerform_Configure -->
  <testcase classname="Page_Test_Orange.Login_pageTest" name="Validate_Login" time="0.0">
    <ignored/>
  </testcase> <!-- Validate_Login -->
  <testcase classname="Page_Test_Orange.Login_pageTest" name="ValidatePerformance_KPIs" time="0.0">
    <ignored/>
  </testcase> <!-- ValidatePerformance_KPIs -->
  <testcase classname="Page_Test_Orange.Login_pageTest" name="Validate_Invalid_Login" time="0.0">
    <ignored/>
  </testcase> <!-- Validate_Invalid_Login -->
  <testcase classname="Page_Test_Orange.Login_pageTest" name="ValidatePerformance_Trackers" time="0.0">
    <ignored/>
  </testcase> <!-- ValidatePerformance_Trackers -->
  <testcase classname="Page_Test_Orange.Login_pageTest" name="Validate_Performance" time="0.0">
    <ignored/>
  </testcase> <!-- Validate_Performance -->
</testsuite> <!-- Default test -->
