<?xml version="1.0" encoding="UTF-8"?>
<testng-results ignored="6" total="7" passed="1" failed="0" skipped="0">
  <reporter-output>
  </reporter-output>
  <suite started-at="2023-06-01T12:35:25 GST" name="Default suite" finished-at="2023-06-01T12:35:56 GST" duration-ms="30496">
    <groups>
    </groups>
    <test started-at="2023-06-01T12:35:25 GST" name="Default test" finished-at="2023-06-01T12:35:56 GST" duration-ms="30496">
      <class name="Page_Test_Orange.Login_pageTest">
        <test-method is-config="true" signature="Browser_config()[pri:0, instance:Page_Test_Orange.Login_pageTest@7bd4937b]" started-at="2023-06-01T12:35:25 GST" name="Browser_config" finished-at="2023-06-01T12:35:36 GST" duration-ms="10395" status="PASS">
          <reporter-output>
          </reporter-output>
        </test-method> <!-- Browser_config -->
        <test-method signature="ValidatePerform_MyTrackers()[pri:0, instance:Page_Test_Orange.Login_pageTest@7bd4937b]" started-at="2023-06-01T12:35:36 GST" name="ValidatePerform_MyTrackers" finished-at="2023-06-01T12:35:56 GST" duration-ms="19737" status="PASS">
          <reporter-output>
          </reporter-output>
        </test-method> <!-- ValidatePerform_MyTrackers -->
        <test-method is-config="true" signature="Validate_BrowserClosing()[pri:0, instance:Page_Test_Orange.Login_pageTest@7bd4937b]" started-at="2023-06-01T12:35:56 GST" name="Validate_BrowserClosing" finished-at="2023-06-01T12:35:56 GST" duration-ms="266" status="PASS">
          <reporter-output>
          </reporter-output>
        </test-method> <!-- Validate_BrowserClosing -->
      </class> <!-- Page_Test_Orange.Login_pageTest -->
    </test> <!-- Default test -->
  </suite> <!-- Default suite -->
</testng-results>
