<?xml version="1.0" encoding="UTF-8"?>
<testng-results ignored="6" total="7" passed="1" failed="0" skipped="0">
  <reporter-output>
  </reporter-output>
  <suite started-at="2023-06-08T16:27:49 GST" name="Default suite" finished-at="2023-06-08T16:28:17 GST" duration-ms="28008">
    <groups>
    </groups>
    <test started-at="2023-06-08T16:27:49 GST" name="Default test" finished-at="2023-06-08T16:28:17 GST" duration-ms="28008">
      <class name="Page_Test_Orange.Login_pageTest">
        <test-method is-config="true" signature="Browser_config()[pri:0, instance:Page_Test_Orange.Login_pageTest@25fb8912]" started-at="2023-06-08T16:27:49 GST" name="Browser_config" finished-at="2023-06-08T16:27:58 GST" duration-ms="8553" status="PASS">
          <reporter-output>
          </reporter-output>
        </test-method> <!-- Browser_config -->
        <test-method signature="ValidatePerform_MyTrackers()[pri:0, instance:Page_Test_Orange.Login_pageTest@25fb8912]" started-at="2023-06-08T16:27:58 GST" name="ValidatePerform_MyTrackers" finished-at="2023-06-08T16:28:17 GST" duration-ms="19410" status="PASS">
          <reporter-output>
          </reporter-output>
        </test-method> <!-- ValidatePerform_MyTrackers -->
      </class> <!-- Page_Test_Orange.Login_pageTest -->
    </test> <!-- Default test -->
  </suite> <!-- Default suite -->
</testng-results>
